<?xml version="1.0" encoding="UTF-8"?>
<testng-results ignored="0" total="1" passed="1" failed="0" skipped="0">
  <reporter-output>
  </reporter-output>
  <suite started-at="2026-01-03T14:41:09 IST" name="Default suite" finished-at="2026-01-03T14:41:14 IST" duration-ms="4841">
    <groups>
    </groups>
    <test started-at="2026-01-03T14:41:09 IST" name="Default test" finished-at="2026-01-03T14:41:14 IST" duration-ms="4841">
      <class name="tests.LoginTest">
        <test-method is-config="true" signature="setup()[pri:0, instance:tests.LoginTest@5b1669c0]" started-at="2026-01-03T14:41:09 IST" name="setup" finished-at="2026-01-03T14:41:12 IST" duration-ms="3623" status="PASS">
          <reporter-output>
          </reporter-output>
        </test-method> <!-- setup -->
        <test-method signature="logintest()[pri:0, instance:tests.LoginTest@5b1669c0]" started-at="2026-01-03T14:41:12 IST" name="logintest" finished-at="2026-01-03T14:41:13 IST" duration-ms="759" status="PASS">
          <reporter-output>
          </reporter-output>
        </test-method> <!-- logintest -->
        <test-method is-config="true" signature="tearDown()[pri:0, instance:tests.LoginTest@5b1669c0]" started-at="2026-01-03T14:41:13 IST" name="tearDown" finished-at="2026-01-03T14:41:14 IST" duration-ms="391" status="PASS">
          <reporter-output>
          </reporter-output>
        </test-method> <!-- tearDown -->
      </class> <!-- tests.LoginTest -->
    </test> <!-- Default test -->
  </suite> <!-- Default suite -->
</testng-results>
